TN:
SF:C:\Users\musta\Desktop\bootcamp\vue-trendyol-assignment\src\main.js
FN:13,(anonymous_0)
FNF:1
FNH:0
FNDA:0,(anonymous_0)
DA:8,0
DA:10,0
DA:13,0
LF:3
LH:0
BRF:0
BRH:0
end_of_record
TN:
SF:C:\Users\musta\Desktop\bootcamp\vue-trendyol-assignment\src\components\Search\Search.vue
FN:15,(anonymous_1)
FN:21,(anonymous_2)
FNF:2
FNH:1
FNDA:1,(anonymous_1)
FNDA:0,(anonymous_2)
DA:16,1
DA:22,0
LF:2
LH:1
BRF:0
BRH:0
end_of_record
TN:
SF:C:\Users\musta\Desktop\bootcamp\vue-trendyol-assignment\src\components\Shared\Breadcrumb.vue
FN:23,(anonymous_1)
FN:25,(anonymous_2)
FN:30,(anonymous_3)
FN:38,(anonymous_4)
FNF:4
FNH:3
FNDA:1,(anonymous_1)
FNDA:1,(anonymous_2)
FNDA:1,(anonymous_3)
FNDA:0,(anonymous_4)
DA:11,2
DA:24,1
DA:25,1
DA:26,1
DA:31,1
DA:39,0
LF:6
LH:5
BRDA:24,0,0,1
BRDA:24,0,1,0
BRDA:24,1,0,1
BRDA:24,1,1,1
BRF:4
BRH:3
end_of_record
TN:
SF:C:\Users\musta\Desktop\bootcamp\vue-trendyol-assignment\src\components\Shared\LoadMore.vue
FN:21,(anonymous_1)
FN:26,(anonymous_2)
FNF:2
FNH:0
FNDA:0,(anonymous_1)
FNDA:0,(anonymous_2)
DA:14,1
DA:22,0
DA:27,0
LF:3
LH:1
BRF:0
BRH:0
end_of_record
TN:
SF:C:\Users\musta\Desktop\bootcamp\vue-trendyol-assignment\src\components\Starship\ListStarship.vue
FN:18,(anonymous_1)
FN:23,(anonymous_2)
FNF:2
FNH:0
FNDA:0,(anonymous_1)
FNDA:0,(anonymous_2)
DA:12,1
DA:19,0
DA:24,0
LF:3
LH:1
BRF:0
BRH:0
end_of_record
TN:
SF:C:\Users\musta\Desktop\bootcamp\vue-trendyol-assignment\src\components\Starship\Starship.vue
FN:34,(anonymous_1)
FNF:1
FNH:1
FNDA:1,(anonymous_1)
DA:35,1
DA:36,0
DA:40,1
LF:3
LH:2
BRDA:35,0,0,0
BRDA:35,0,1,1
BRF:2
BRH:1
end_of_record
TN:
SF:C:\Users\musta\Desktop\bootcamp\vue-trendyol-assignment\src\router\index.js
FNF:0
FNH:0
DA:6,0
DA:8,0
DA:21,0
LF:3
LH:0
BRF:0
BRH:0
end_of_record
TN:
SF:C:\Users\musta\Desktop\bootcamp\vue-trendyol-assignment\src\store\actions.js
FN:5,(anonymous_0)
FN:6,(anonymous_1)
FN:12,(anonymous_2)
FN:13,(anonymous_3)
FN:19,(anonymous_4)
FN:21,(anonymous_5)
FN:28,(anonymous_6)
FN:29,(anonymous_7)
FNF:8
FNH:8
FNDA:2,(anonymous_0)
FNDA:2,(anonymous_1)
FNDA:1,(anonymous_2)
FNDA:1,(anonymous_3)
FNDA:1,(anonymous_4)
FNDA:1,(anonymous_5)
FNDA:1,(anonymous_6)
FNDA:1,(anonymous_7)
DA:6,2
DA:7,2
DA:8,2
DA:9,2
DA:13,1
DA:14,1
DA:15,1
DA:16,1
DA:20,1
DA:21,1
DA:22,1
DA:23,1
DA:24,1
DA:29,1
DA:30,1
LF:15
LH:15
BRDA:20,0,0,1
BRDA:20,0,1,0
BRF:2
BRH:1
end_of_record
TN:
SF:C:\Users\musta\Desktop\bootcamp\vue-trendyol-assignment\src\store\getters.js
FN:2,(anonymous_0)
FN:5,(anonymous_1)
FN:8,(anonymous_2)
FNF:3
FNH:2
FNDA:3,(anonymous_0)
FNDA:1,(anonymous_1)
FNDA:0,(anonymous_2)
DA:3,3
DA:6,1
DA:9,0
LF:3
LH:2
BRF:0
BRH:0
end_of_record
TN:
SF:C:\Users\musta\Desktop\bootcamp\vue-trendyol-assignment\src\store\index.js
FNF:0
FNH:0
DA:8,1
LF:1
LH:1
BRF:0
BRH:0
end_of_record
TN:
SF:C:\Users\musta\Desktop\bootcamp\vue-trendyol-assignment\src\store\mutations.js
FN:2,(anonymous_0)
FN:5,(anonymous_1)
FN:8,(anonymous_2)
FN:9,(anonymous_3)
FN:13,(anonymous_4)
FNF:5
FNH:5
FNDA:3,(anonymous_0)
FNDA:4,(anonymous_1)
FNDA:1,(anonymous_2)
FNDA:10,(anonymous_3)
FNDA:1,(anonymous_4)
DA:3,3
DA:6,4
DA:9,1
DA:10,10
DA:14,1
LF:5
LH:5
BRF:0
BRH:0
end_of_record
TN:
SF:C:\Users\musta\Desktop\bootcamp\vue-trendyol-assignment\src\store\state.js
FNF:0
FNH:0
LF:0
LH:0
BRF:0
BRH:0
end_of_record
TN:
SF:C:\Users\musta\Desktop\bootcamp\vue-trendyol-assignment\src\views\Starship\index.vue
FN:44,(anonymous_1)
FN:50,(anonymous_2)
FN:53,(anonymous_3)
FN:61,(anonymous_4)
FN:65,(anonymous_5)
FN:69,(anonymous_6)
FN:72,(anonymous_7)
FNF:7
FNH:6
FNDA:1,(anonymous_1)
FNDA:1,(anonymous_2)
FNDA:1,(anonymous_3)
FNDA:1,(anonymous_4)
FNDA:1,(anonymous_5)
FNDA:0,(anonymous_6)
FNDA:1,(anonymous_7)
DA:30,1
DA:31,1
DA:32,1
DA:33,1
DA:34,1
DA:45,1
DA:51,1
DA:54,1
DA:62,1
DA:66,1
DA:70,0
DA:73,1
DA:74,1
DA:75,1
LF:14
LH:13
BRF:0
BRH:0
end_of_record
TN:
SF:C:\Users\musta\Desktop\bootcamp\vue-trendyol-assignment\src\views\Starships\index.vue
FN:20,(anonymous_1)
FNF:1
FNH:1
FNDA:1,(anonymous_1)
DA:10,1
DA:11,1
DA:12,1
DA:21,1
LF:4
LH:4
BRF:0
BRH:0
end_of_record
